{"level":"\u001b[32minfo\u001b[39m","message":"{\"method\":\"GET\",\"url\":\"/api/v1/healthcheck\",\"status\":\"200\",\"responseTime\":\"7.435\"}","timestamp":"2025-07-03T07:51:31.574Z"}
{"level":"\u001b[32minfo\u001b[39m","message":"{\"method\":\"POST\",\"url\":\"/api/v1/users/register\",\"status\":\"500\",\"responseTime\":\"75.144\"}","timestamp":"2025-07-03T07:58:27.710Z"}
{"level":"\u001b[32minfo\u001b[39m","message":"{\"method\":\"POST\",\"url\":\"/api/v1/users/register\",\"status\":\"400\",\"responseTime\":\"79.839\"}","timestamp":"2025-07-03T08:07:35.648Z"}
{"level":"\u001b[32minfo\u001b[39m","message":"{\"method\":\"POST\",\"url\":\"/api/v1/users/register\",\"status\":\"201\",\"responseTime\":\"4434.856\"}","timestamp":"2025-07-03T08:08:02.357Z"}
{"level":"\u001b[32minfo\u001b[39m","message":"{\"method\":\"POST\",\"url\":\"/api/v1/users/register\",\"status\":\"201\",\"responseTime\":\"5098.414\"}","timestamp":"2025-07-03T08:11:25.112Z"}
{"level":"\u001b[32minfo\u001b[39m","message":"{\"method\":\"POST\",\"url\":\"/api/v1/users/login\",\"status\":\"200\",\"responseTime\":\"825.170\"}","timestamp":"2025-07-03T08:12:19.264Z"}
{"level":"\u001b[32minfo\u001b[39m","message":"{\"method\":\"GET\",\"url\":\"/api/v1/users/current-user\",\"status\":\"200\",\"responseTime\":\"57.762\"}","timestamp":"2025-07-03T08:12:52.867Z"}
{"level":"\u001b[32minfo\u001b[39m","message":"{\"method\":\"GET\",\"url\":\"/api/v1/users/c/one23\",\"status\":\"200\",\"responseTime\":\"93.888\"}","timestamp":"2025-07-03T08:13:01.489Z"}
{"level":"\u001b[32minfo\u001b[39m","message":"{\"method\":\"PATCH\",\"url\":\"/api/v1/users/update-account\",\"status\":\"200\",\"responseTime\":\"98.462\"}","timestamp":"2025-07-03T08:13:19.993Z"}
{"level":"\u001b[32minfo\u001b[39m","message":"{\"method\":\"PATCH\",\"url\":\"/api/v1/users/avatar\",\"status\":\"200\",\"responseTime\":\"3112.891\"}","timestamp":"2025-07-03T08:13:49.826Z"}
{"level":"\u001b[32minfo\u001b[39m","message":"{\"method\":\"GET\",\"url\":\"/api/v1/users/history\",\"status\":\"200\",\"responseTime\":\"87.300\"}","timestamp":"2025-07-03T08:14:53.074Z"}
{"level":"\u001b[32minfo\u001b[39m","message":"{\"method\":\"GET\",\"url\":\"/api/v1/videos/\",\"status\":\"404\",\"responseTime\":\"118.291\"}","timestamp":"2025-07-03T08:15:28.615Z"}
{"level":"\u001b[32minfo\u001b[39m","message":"{\"method\":\"POST\",\"url\":\"/api/v1/videos/\",\"status\":\"200\",\"responseTime\":\"5619.014\"}","timestamp":"2025-07-03T08:16:03.591Z"}
{"level":"\u001b[32minfo\u001b[39m","message":"{\"method\":\"PATCH\",\"url\":\"/api/v1/videos/68625a24604c4ec8d7945927\",\"status\":\"404\",\"responseTime\":\"100.694\"}","timestamp":"2025-07-03T08:17:22.366Z"}
{"level":"\u001b[32minfo\u001b[39m","message":"{\"method\":\"PATCH\",\"url\":\"/api/v1/videos/68663c430bf9c4a44882d3d2\",\"status\":\"200\",\"responseTime\":\"3332.715\"}","timestamp":"2025-07-03T08:17:44.165Z"}
{"level":"\u001b[32minfo\u001b[39m","message":"{\"method\":\"POST\",\"url\":\"/api/v1/playlist/\",\"status\":\"200\",\"responseTime\":\"120.877\"}","timestamp":"2025-07-03T08:18:20.299Z"}
{"level":"\u001b[32minfo\u001b[39m","message":"{\"method\":\"GET\",\"url\":\"/api/v1/playlist/user/68663b2c0bf9c4a44882d3be\",\"status\":\"200\",\"responseTime\":\"93.657\"}","timestamp":"2025-07-03T08:18:45.050Z"}
{"level":"\u001b[32minfo\u001b[39m","message":"{\"method\":\"PATCH\",\"url\":\"/api/v1/playlist/add/68663c430bf9c4a44882d3d2/68663ccc0bf9c4a44882d3db\",\"status\":\"200\",\"responseTime\":\"92.512\"}","timestamp":"2025-07-03T08:20:12.495Z"}
{"level":"\u001b[32minfo\u001b[39m","message":"{\"method\":\"POST\",\"url\":\"/api/v1/users/login\",\"status\":\"401\",\"responseTime\":\"336.946\"}","timestamp":"2025-07-06T14:47:52.632Z"}
{"level":"\u001b[32minfo\u001b[39m","message":"{\"method\":\"POST\",\"url\":\"/api/v1/users/login\",\"status\":\"200\",\"responseTime\":\"309.101\"}","timestamp":"2025-07-06T14:48:17.156Z"}
{"level":"\u001b[32minfo\u001b[39m","message":"{\"method\":\"PATCH\",\"url\":\"/api/v1/users/update-account\",\"status\":\"200\",\"responseTime\":\"79.345\"}","timestamp":"2025-07-06T14:48:38.478Z"}
{"level":"\u001b[32minfo\u001b[39m","message":"{\"method\":\"POST\",\"url\":\"/api/v1/tweets/\",\"status\":\"500\",\"responseTime\":\"52.768\"}","timestamp":"2025-07-06T14:52:53.972Z"}
{"level":"\u001b[32minfo\u001b[39m","message":"{\"method\":\"POST\",\"url\":\"/api/v1/tweets/\",\"status\":\"500\",\"responseTime\":\"53.872\"}","timestamp":"2025-07-06T14:55:58.514Z"}
{"level":"\u001b[32minfo\u001b[39m","message":"{\"method\":\"POST\",\"url\":\"/api/v1/tweets/\",\"status\":\"200\",\"responseTime\":\"117.338\"}","timestamp":"2025-07-06T14:57:26.526Z"}
{"level":"\u001b[32minfo\u001b[39m","message":"{\"method\":\"POST\",\"url\":\"/api/v1/tweets/user/68663b2c0bf9c4a44882d3be\",\"status\":\"404\",\"responseTime\":\"54.810\"}","timestamp":"2025-07-06T15:00:25.310Z"}
{"level":"\u001b[32minfo\u001b[39m","message":"{\"method\":\"GET\",\"url\":\"/api/v1/tweets/user/68663b2c0bf9c4a44882d3be\",\"status\":\"400\",\"responseTime\":\"47.313\"}","timestamp":"2025-07-06T15:00:30.948Z"}
{"level":"\u001b[32minfo\u001b[39m","message":"{\"method\":\"GET\",\"url\":\"/api/v1/tweets/user/68663b2c0bf9c4a44882d3be\",\"status\":\"400\",\"responseTime\":\"46.759\"}","timestamp":"2025-07-06T15:00:53.399Z"}
{"level":"\u001b[32minfo\u001b[39m","message":"{\"method\":\"GET\",\"url\":\"/api/v1/tweets/user/68663b2c0bf9c4a44882d3be\",\"status\":\"400\",\"responseTime\":\"50.023\"}","timestamp":"2025-07-06T15:02:11.604Z"}
{"level":"\u001b[32minfo\u001b[39m","message":"{\"method\":\"GET\",\"url\":\"/api/v1/tweets/user/68663b2c0bf9c4a44882d3be\",\"status\":\"500\",\"responseTime\":\"171.165\"}","timestamp":"2025-07-06T15:03:02.012Z"}
{"level":"\u001b[32minfo\u001b[39m","message":"{\"method\":\"GET\",\"url\":\"/api/v1/tweets/user/68663b2c0bf9c4a44882d3be\",\"status\":\"500\",\"responseTime\":\"49.426\"}","timestamp":"2025-07-06T15:06:19.889Z"}
{"level":"\u001b[32minfo\u001b[39m","message":"{\"method\":\"GET\",\"url\":\"/api/v1/tweets/user/68663b2c0bf9c4a44882d3be\",\"status\":\"200\",\"responseTime\":\"105.517\"}","timestamp":"2025-07-06T15:07:17.724Z"}
{"level":"\u001b[32minfo\u001b[39m","message":"{\"method\":\"PATCH\",\"url\":\"/api/v1/tweets/686a8ed64b8443cc5853debf\",\"status\":\"401\",\"responseTime\":\"104.373\"}","timestamp":"2025-07-06T15:09:42.817Z"}
{"level":"\u001b[32minfo\u001b[39m","message":"{\"method\":\"PATCH\",\"url\":\"/api/v1/tweets/686a8ed64b8443cc5853debf\",\"status\":\"200\",\"responseTime\":\"393.328\"}","timestamp":"2025-07-06T15:11:31.434Z"}
{"level":"\u001b[32minfo\u001b[39m","message":"{\"method\":\"DELETE\",\"url\":\"/api/v1/tweets/686a8ed64b8443cc5853debf\",\"status\":\"401\",\"responseTime\":\"105.844\"}","timestamp":"2025-07-06T15:11:56.014Z"}
{"level":"\u001b[32minfo\u001b[39m","message":"{\"method\":\"DELETE\",\"url\":\"/api/v1/tweets/686a8ed64b8443cc5853debf\",\"status\":\"200\",\"responseTime\":\"1876.357\"}","timestamp":"2025-07-06T15:12:22.189Z"}
